2022-12-01 14:53:29 | Info  | Notifier start
2022-12-01 14:53:29 | Info  | Notifier finish
2022-12-01 14:54:05 | Info  | Notifier start
2022-12-01 14:54:05 | Info  | Notifier finish
2022-12-01 14:56:57 | Info  | Notifier start
2022-12-01 14:56:57 | Info  | Notifier finish
2022-12-01 15:00:23 | Info  | Notifier start
2022-12-01 15:00:23 | Info  | Notifier finish
2022-12-01 15:00:59 | Info  | Notifier start
2022-12-01 15:00:59 | Info  | Notifier finish
2022-12-01 15:03:48 | Info  | Notifier start
2022-12-01 15:03:48 | Info  | Notifier finish
2022-12-01 15:08:21 | Info  | Notifier start
2022-12-01 15:08:21 | Info  | Notifier finish
2022-12-01 15:09:28 | Info  | Notifier start
2022-12-01 15:09:28 | Info  | Notifier finish
2022-12-01 15:12:08 | Info  | Notifier start
2022-12-01 15:12:08 | Info  | Notifier finish
2022-12-01 15:12:53 | Info  | Notifier start
2022-12-01 15:12:53 | Info  | Notifier finish
2022-12-01 15:13:04 | Info  | Notifier start
2022-12-01 15:13:04 | Info  | Notifier finish
2022-12-01 15:13:34 | Info  | test-verbose
2022-12-01 15:13:34 | Info  | Notifier start
2022-12-01 15:13:34 | Info  | Notifier finish
2022-12-01 15:14:15 | Info  | test-verbose
2022-12-01 15:14:15 | Info  | Notifier start
2022-12-01 15:14:15 | Info  | Notifier finish
2022-12-01 15:15:42 | Info  | test-verbose
2022-12-01 15:15:42 | Info  | Notifier start
2022-12-01 15:15:42 | Info  | Notifier finish
2022-12-01 15:16:33 | Info  | Notifier start
2022-12-01 15:16:33 | Info  | Notifier finish
2022-12-01 15:16:42 | Info  | Notifier start
2022-12-01 15:16:42 | Info  | Notifier finish
2022-12-01 15:17:02 | Info  | Notifier start
2022-12-01 15:17:02 | Info  | Notifier finish
2022-12-01 15:19:35 | Info  | Notifier start
2022-12-01 15:19:35 | Info  | Notifier finish
2022-12-01 15:32:05 | Info  | Notifier start
2022-12-01 15:32:05 | Info  | Notifier finish
2022-12-01 15:32:25 | Info  | Notifier start
2022-12-01 15:32:25 | Info  | Notifier finish
2022-12-01 15:33:40 | Info  | Notifier start
2022-12-01 15:33:41 | Info  | Notifier finish
2022-12-01 15:34:34 | Info  | Notifier start
2022-12-01 15:34:34 | Info  | Notifier finish
2022-12-01 15:34:57 | Info  | Notifier start
2022-12-01 15:34:57 | Info  | Notifier finish
2022-12-01 15:39:32 | Info  | LoadData start
2022-12-01 15:41:06 | Info  | LoadData start
2022-12-01 15:42:03 | Info  | LoadData start
2022-12-01 15:42:25 | Info  | LoadData start
2022-12-01 15:42:30 | Info  | LoadData fatched 7 records
2022-12-01 15:42:30 | Info  | LoadData end
2022-12-01 15:42:30 | Info  | Notifier start
2022-12-01 15:42:30 | Info  | Notifier finish
2022-12-01 15:43:06 | Info  | LoadData start
2022-12-01 15:43:10 | Info  | LoadData fatched 7 records
2022-12-01 15:43:10 | Info  | LoadData end
2022-12-01 15:43:10 | Info  | Notifier start
2022-12-01 15:43:10 | Info  | Notifier finish
2022-12-01 15:43:57 | Info  | LoadData start
2022-12-01 15:44:37 | Info  | LoadData start
2022-12-01 15:45:21 | Info  | LoadData start
2022-12-01 15:45:25 | Info  | LoadData fatched 7 records
2022-12-01 15:45:25 | Info  | LoadData end
2022-12-01 15:45:25 | Info  | Notifier start
2022-12-01 15:45:25 | Info  | Notifier finish
2022-12-01 15:46:46 | Info  | LoadData start
2022-12-01 15:46:49 | Info  | LoadData fatched 7 records
2022-12-01 15:46:49 | Info  | LoadData end
2022-12-01 15:46:49 | Info  | Notifier start
2022-12-01 15:46:49 | Info  | Notifier finish
2022-12-01 15:47:11 | Info  | Notifier start
2022-12-01 15:47:11 | Info  | LoadData start
2022-12-01 15:47:14 | Info  | LoadData fatched 7 records
2022-12-01 15:47:14 | Info  | LoadData end
2022-12-01 15:47:14 | Info  | Notifier finish
2022-12-01 15:52:28 | Info  | Notifier start
2022-12-01 16:15:14 | Info  | Notifier start
2022-12-01 16:15:56 | Info  | Notifier start
2022-12-01 16:16:10 | Info  | Notifier start
2022-12-01 16:16:52 | Info  | Notifier start
2022-12-01 16:17:29 | Info  | LoadData start
2022-12-01 16:18:29 | Info  | Notifier start
2022-12-01 16:18:46 | Info  | Notifier start
2022-12-01 16:18:51 | Info  | LoadData start
2022-12-01 16:19:51 | Info  | Notifier start
2022-12-01 16:20:28 | Info  | Notifier start
2022-12-01 16:20:28 | Info  | LoadData start
2022-12-01 16:21:29 | Info  | Notifier start
2022-12-01 16:21:34 | Info  | Notifier start
2022-12-01 16:21:34 | Info  | LoadData start
2022-12-01 16:22:51 | Info  | Notifier start
2022-12-01 16:23:27 | Info  | Notifier start
2022-12-01 16:23:37 | Info  | Notifier start
2022-12-01 16:23:37 | Info  | LoadData start
2022-12-01 16:24:29 | Info  | Notifier start
2022-12-01 16:24:33 | Info  | Notifier start
2022-12-01 16:24:33 | Info  | LoadData start
2022-12-01 16:25:01 | Info  | LoadData fatched 7 records
2022-12-01 16:25:01 | Info  | LoadData end
2022-12-01 16:25:01 | Info  | Notifier finish
2022-12-01 16:25:38 | Info  | Notifier start
2022-12-01 16:25:59 | Info  | Notifier start
2022-12-01 16:27:09 | Info  | Notifier start
2022-12-01 16:27:41 | Info  | Notifier start
2022-12-01 16:28:08 | Info  | Notifier start
2022-12-01 16:29:27 | Info  | Notifier start
2022-12-01 16:29:27 | Info  | LoadData start
2022-12-01 16:30:01 | Info  | Notifier start
